<?xml version="1.0" encoding="UTF-8"?>
<!-- Generated by org.testng.reporters.JUnitXMLReporter -->
<testsuite hostname="CDC2-D-CM1WXJ2" ignored="1" name="Google Test" tests="1" failures="0" timestamp="04 Oct 2018 09:51:20 GMT" time="0.03" errors="0">
  <testcase name="GoogleNewsTest" time="0.006" classname="com.acc.testng.GoogleTest"/>
  <testcase name="GoogleMailTest" time="0.0" classname="com.acc.testng.GoogleTest">
    <ignored/>
  </testcase> <!-- GoogleMailTest -->
</testsuite> <!-- Google Test -->
