<?xml version="1.0" encoding="UTF-8"?>
<testng-results skipped="0" failed="0" ignored="0" total="1" passed="1">
  <reporter-output>
  </reporter-output>
  <suite name="Default suite" duration-ms="11084" started-at="2018-10-05T05:20:02Z" finished-at="2018-10-05T05:20:13Z">
    <groups>
    </groups>
    <test name="Default test" duration-ms="11084" started-at="2018-10-05T05:20:02Z" finished-at="2018-10-05T05:20:13Z">
      <class name="com.acc.testng.FrameByName">
        <test-method status="PASS" signature="beforeMethod()[pri:0, instance:com.acc.testng.FrameByName@5c7fa833]" name="beforeMethod" is-config="true" duration-ms="6190" started-at="2018-10-05T05:20:02Z" finished-at="2018-10-05T05:20:08Z">
          <reporter-output>
          </reporter-output>
        </test-method> <!-- beforeMethod -->
        <test-method status="PASS" signature="Frame()[pri:0, instance:com.acc.testng.FrameByName@5c7fa833]" name="Frame" duration-ms="4813" started-at="2018-10-05T05:20:08Z" finished-at="2018-10-05T05:20:13Z">
          <reporter-output>
          </reporter-output>
        </test-method> <!-- Frame -->
        <test-method status="PASS" signature="afterMethod()[pri:0, instance:com.acc.testng.FrameByName@5c7fa833]" name="afterMethod" is-config="true" duration-ms="11" started-at="2018-10-05T05:20:13Z" finished-at="2018-10-05T05:20:13Z">
          <reporter-output>
          </reporter-output>
        </test-method> <!-- afterMethod -->
      </class> <!-- com.acc.testng.FrameByName -->
    </test> <!-- Default test -->
  </suite> <!-- Default suite -->
</testng-results>
